<?xml version="1.0" encoding="UTF-8"?>
<testng-results ignored="2" total="3" passed="1" failed="0" skipped="0">
  <reporter-output>
  </reporter-output>
  <suite started-at="2023-01-29T04:01:06Z" name="Suite" finished-at="2023-01-29T04:01:14Z" duration-ms="8549">
    <groups>
    </groups>
    <test started-at="2023-01-29T04:01:06Z" name="Test" finished-at="2023-01-29T04:01:14Z" duration-ms="8549">
      <class name="com.inetBanking.TestCases.TC_Login_001">
        <test-method is-config="true" signature="setUp(java.lang.String)[pri:0, instance:com.inetBanking.TestCases.TC_Login_001@6f2cb653]" started-at="2023-01-29T04:01:06Z" name="setUp" finished-at="2023-01-29T04:01:07Z" duration-ms="1810" status="PASS">
          <params>
            <param index="0">
              <value>
                <![CDATA[chrome]]>
              </value>
            </param>
          </params>
          <reporter-output>
          </reporter-output>
        </test-method> <!-- setUp -->
        <test-method signature="logTest()[pri:0, instance:com.inetBanking.TestCases.TC_Login_001@6f2cb653]" started-at="2023-01-29T04:01:07Z" name="logTest" finished-at="2023-01-29T04:01:14Z" duration-ms="6252" status="PASS">
          <reporter-output>
          </reporter-output>
        </test-method> <!-- logTest -->
        <test-method is-config="true" signature="tearDown()[pri:0, instance:com.inetBanking.TestCases.TC_Login_001@6f2cb653]" started-at="2023-01-29T04:01:14Z" name="tearDown" finished-at="2023-01-29T04:01:14Z" duration-ms="462" status="PASS">
          <reporter-output>
          </reporter-output>
        </test-method> <!-- tearDown -->
      </class> <!-- com.inetBanking.TestCases.TC_Login_001 -->
    </test> <!-- Test -->
  </suite> <!-- Suite -->
</testng-results>
